<?xml version="1.0" encoding="utf-8"?>
<coverage line-rate="0.8661" branch-rate="0.7843000000000001" version="1.9" timestamp="1752546835" lines-covered="1437" lines-valid="1659" branches-covered="411" branches-valid="524">
  <sources>
    <source>/workspace/SchemaPlayground/Packages/dev.czarzappy.schema.unity/Core/</source>
  </sources>
  <packages>
    <package name="Schema.Core" line-rate="0.8661" branch-rate="0.7843000000000001" complexity="686">
      <classes>
        <class name="Schema.Core.Logger" filename="Logging/Logger.cs" line-rate="0.5952000000000001" branch-rate="0.875" complexity="18">
          <methods>
            <method name="SetLogger" signature="(Schema.Core.ILogger)" line-rate="1" branch-rate="1" complexity="1">
              <lines>
                <line number="20" hits="1" branch="False" />
                <line number="21" hits="1" branch="False" />
                <line number="22" hits="1" branch="False" />
              </lines>
            </method>
            <method name="get_Level" signature="()" line-rate="1" branch-rate="1" complexity="1">
              <lines>
                <line number="26" hits="79" branch="False" />
              </lines>
            </method>
            <method name="set_Level" signature="(Schema.Core.Logger/LogLevel)" line-rate="1" branch-rate="1" complexity="1">
              <lines>
                <line number="27" hits="3" branch="False" />
              </lines>
            </method>
            <method name="FormatMessage" signature="(System.String,Schema.Core.Logger/LogLevel,System.Object)" line-rate="0.8461" branch-rate="0.8332999999999999" complexity="6">
              <lines>
                <line number="31" hits="1481" branch="False" />
                <line number="32" hits="1481" branch="False" />
                <line number="33" hits="1481" branch="False" />
                <line number="34" hits="1481" branch="True" condition-coverage="100% (2/2)">
                  <conditions>
                    <condition number="25" type="jump" coverage="100%" />
                  </conditions>
                </line>
                <line number="35" hits="1481" branch="False" />
                <line number="36" hits="1481" branch="False" />
                <line number="37" hits="1481" branch="False" />
                <line number="39" hits="1481" branch="False" />
                <line number="41" hits="1481" branch="True" condition-coverage="75% (3/4)">
                  <conditions>
                    <condition number="75" type="jump" coverage="100%" />
                    <condition number="89" type="jump" coverage="50%" />
                  </conditions>
                </line>
                <line number="42" hits="0" branch="False" />
                <line number="47" hits="0" branch="False" />
                <line number="49" hits="1481" branch="False" />
                <line number="50" hits="1481" branch="False" />
              </lines>
            </method>
            <method name="Log" signature="(System.String,Schema.Core.Logger/LogLevel,System.Object)" line-rate="1" branch-rate="1" complexity="2">
              <lines>
                <line number="53" hits="1483" branch="False" />
                <line number="54" hits="1483" branch="True" condition-coverage="100% (2/2)">
                  <conditions>
                    <condition number="7" type="jump" coverage="100%" />
                  </conditions>
                </line>
                <line number="55" hits="1483" branch="False" />
              </lines>
            </method>
            <method name="LogDbgVerbose" signature="(System.String,System.Object)" line-rate="0" branch-rate="1" complexity="1">
              <lines>
                <line number="59" hits="0" branch="False" />
                <line number="60" hits="0" branch="False" />
                <line number="61" hits="0" branch="False" />
              </lines>
            </method>
            <method name="LogVerbose" signature="(System.String,System.Object)" line-rate="1" branch-rate="1" complexity="1">
              <lines>
                <line number="64" hits="869" branch="False" />
                <line number="65" hits="869" branch="False" />
                <line number="66" hits="869" branch="False" />
              </lines>
            </method>
            <method name="Log" signature="(System.String,System.Object)" line-rate="1" branch-rate="1" complexity="1">
              <lines>
                <line number="69" hits="614" branch="False" />
                <line number="70" hits="614" branch="False" />
                <line number="71" hits="614" branch="False" />
              </lines>
            </method>
            <method name="LogWarning" signature="(System.String,System.Object)" line-rate="0" branch-rate="1" complexity="1">
              <lines>
                <line number="74" hits="0" branch="False" />
                <line number="75" hits="0" branch="False" />
                <line number="76" hits="0" branch="False" />
              </lines>
            </method>
            <method name="LogDbgWarning" signature="(System.String,System.Object)" line-rate="0" branch-rate="1" complexity="1">
              <lines>
                <line number="80" hits="0" branch="False" />
                <line number="81" hits="0" branch="False" />
                <line number="82" hits="0" branch="False" />
              </lines>
            </method>
            <method name="LogError" signature="(System.String,System.Object)" line-rate="0" branch-rate="1" complexity="1">
              <lines>
                <line number="85" hits="0" branch="False" />
                <line number="86" hits="0" branch="False" />
                <line number="87" hits="0" branch="False" />
              </lines>
            </method>
            <method name="LogDbgError" signature="(System.String,System.Object)" line-rate="0" branch-rate="1" complexity="1">
              <lines>
                <line number="91" hits="0" branch="False" />
                <line number="92" hits="0" branch="False" />
                <line number="93" hits="0" branch="False" />
              </lines>
            </method>
          </methods>
          <lines>
            <line number="20" hits="1" branch="False" />
            <line number="21" hits="1" branch="False" />
            <line number="22" hits="1" branch="False" />
            <line number="26" hits="79" branch="False" />
            <line number="27" hits="3" branch="False" />
            <line number="31" hits="1481" branch="False" />
            <line number="32" hits="1481" branch="False" />
            <line number="33" hits="1481" branch="False" />
            <line number="34" hits="1481" branch="True" condition-coverage="100% (2/2)">
              <conditions>
                <condition number="25" type="jump" coverage="100%" />
              </conditions>
            </line>
            <line number="35" hits="1481" branch="False" />
            <line number="36" hits="1481" branch="False" />
            <line number="37" hits="1481" branch="False" />
            <line number="39" hits="1481" branch="False" />
            <line number="41" hits="1481" branch="True" condition-coverage="75% (3/4)">
              <conditions>
                <condition number="75" type="jump" coverage="100%" />
                <condition number="89" type="jump" coverage="50%" />
              </conditions>
            </line>
            <line number="42" hits="0" branch="False" />
            <line number="47" hits="0" branch="False" />
            <line number="49" hits="1481" branch="False" />
            <line number="50" hits="1481" branch="False" />
            <line number="53" hits="1483" branch="False" />
            <line number="54" hits="1483" branch="True" condition-coverage="100% (2/2)">
              <conditions>
                <condition number="7" type="jump" coverage="100%" />
              </conditions>
            </line>
            <line number="55" hits="1483" branch="False" />
            <line number="59" hits="0" branch="False" />
            <line number="60" hits="0" branch="False" />
            <line number="61" hits="0" branch="False" />
            <line number="64" hits="869" branch="False" />
            <line number="65" hits="869" branch="False" />
            <line number="66" hits="869" branch="False" />
            <line number="69" hits="614" branch="False" />
            <line number="70" hits="614" branch="False" />
            <line number="71" hits="614" branch="False" />
            <line number="74" hits="0" branch="False" />
            <line number="75" hits="0" branch="False" />
            <line number="76" hits="0" branch="False" />
            <line number="80" hits="0" branch="False" />
            <line number="81" hits="0" branch="False" />
            <line number="82" hits="0" branch="False" />
            <line number="85" hits="0" branch="False" />
            <line number="86" hits="0" branch="False" />
            <line number="87" hits="0" branch="False" />
            <line number="91" hits="0" branch="False" />
            <line number="92" hits="0" branch="False" />
            <line number="93" hits="0" branch="False" />
          </lines>
        </class>
        <class name="Schema.Core.ResultGenerator" filename="ResultGenerator.cs" line-rate="1" branch-rate="1" complexity="7">
          <methods>
            <method name="Fail" signature="(System.String)" line-rate="1" branch-rate="1" complexity="1">
              <lines>
                <line number="6" hits="48" branch="False" />
              </lines>
            </method>
            <method name="Pass" signature="(System.String)" line-rate="1" branch-rate="1" complexity="1">
              <lines>
                <line number="9" hits="641" branch="False" />
              </lines>
            </method>
            <method name="CheckIf" signature="(System.Boolean,System.String,System.String)" line-rate="1" branch-rate="1" complexity="2">
              <lines>
                <line number="12" hits="686" branch="False" />
                <line number="13" hits="686" branch="True" condition-coverage="100% (2/2)">
                  <conditions>
                    <condition number="2" type="jump" coverage="100%" />
                  </conditions>
                </line>
                <line number="14" hits="686" branch="False" />
              </lines>
            </method>
            <method name="Fail" signature="(System.String)" line-rate="1" branch-rate="1" complexity="1">
              <lines>
                <line number="17" hits="2" branch="False" />
              </lines>
            </method>
            <method name="Pass" signature="(TResult,System.String)" line-rate="1" branch-rate="1" complexity="1">
              <lines>
                <line number="20" hits="2" branch="False" />
              </lines>
            </method>
            <method name="CheckIf" signature="(System.Boolean,TResult,System.String,System.String)" line-rate="1" branch-rate="1" complexity="1">
              <lines>
                <line number="23" hits="548" branch="False" />
              </lines>
            </method>
          </methods>
          <lines>
            <line number="6" hits="48" branch="False" />
            <line number="9" hits="641" branch="False" />
            <line number="12" hits="686" branch="False" />
            <line number="13" hits="686" branch="True" condition-coverage="100% (2/2)">
              <conditions>
                <condition number="2" type="jump" coverage="100%" />
              </conditions>
            </line>
            <line number="14" hits="686" branch="False" />
            <line number="17" hits="2" branch="False" />
            <line number="20" hits="2" branch="False" />
            <line number="23" hits="548" branch="False" />
          </lines>
        </class>
        <class name="Schema.Core.Schema" filename="Schema.cs" line-rate="0.8133" branch-rate="0.6153" complexity="31">
          <methods>
            <method name="get_ManifestLoadPath" signature="()" line-rate="0.6666" branch-rate="0.5" complexity="2">
              <lines>
                <line number="26" hits="6" branch="False" />
                <line number="27" hits="6" branch="True" condition-coverage="50% (1/2)">
                  <conditions>
                    <condition number="11" type="jump" coverage="50%" />
                  </conditions>
                </line>
                <line number="28" hits="0" branch="False" />
                <line number="29" hits="0" branch="False" />
                <line number="32" hits="6" branch="False" />
                <line number="33" hits="6" branch="False" />
              </lines>
            </method>
            <method name="get_AllSchemes" signature="()" line-rate="0.7142000000000001" branch-rate="0.5" complexity="6">
              <lines>
                <line number="44" hits="10" branch="False" />
                <line number="45" hits="10" branch="True" condition-coverage="50% (1/2)">
                  <conditions>
                    <condition number="11" type="jump" coverage="50%" />
                  </conditions>
                </line>
                <line number="46" hits="0" branch="False" />
                <line number="47" hits="0" branch="False" />
                <line number="52" hits="10" branch="False" />
                <line number="53" hits="10" branch="False" />
                <line number="54" hits="10" branch="True" condition-coverage="50% (1/2)">
                  <conditions>
                    <condition number="66" type="jump" coverage="50%" />
                  </conditions>
                </line>
                <line number="55" hits="0" branch="False" />
                <line number="56" hits="0" branch="False" />
                <line number="59" hits="10" branch="False" />
                <line number="60" hits="20" branch="True" condition-coverage="50% (1/2)">
                  <conditions>
                    <condition number="1" type="jump" coverage="50%" />
                  </conditions>
                </line>
                <line number="61" hits="20" branch="False" />
                <line number="62" hits="10" branch="False" />
                <line number="64" hits="10" branch="False" />
              </lines>
            </method>
            <method name="get_NumAvailableSchemes" signature="()" line-rate="1" branch-rate="1" complexity="1">
              <lines>
                <line number="67" hits="3" branch="False" />
              </lines>
            </method>
            <method name="get_IsInitialized" signature="()" line-rate="1" branch-rate="1" complexity="1">
              <lines>
                <line number="79" hits="1004" branch="False" />
              </lines>
            </method>
            <method name="Reset" signature="()" line-rate="1" branch-rate="1" complexity="1">
              <lines>
                <line number="95" hits="104" branch="False" />
                <line number="96" hits="104" branch="False" />
                <line number="97" hits="104" branch="False" />
                <line number="99" hits="104" branch="False" />
                <line number="100" hits="104" branch="False" />
                <line number="101" hits="104" branch="False" />
                <line number="102" hits="104" branch="False" />
              </lines>
            </method>
            <method name="DoesSchemeExist" signature="(System.String)" line-rate="1" branch-rate="1" complexity="1">
              <lines>
                <line number="109" hits="2" branch="False" />
                <line number="110" hits="2" branch="False" />
                <line number="111" hits="2" branch="False" />
              </lines>
            </method>
            <method name="GetScheme" signature="(System.String)" line-rate="0.7777" branch-rate="0.5" complexity="2">
              <lines>
                <line number="115" hits="307" branch="False" />
                <line number="116" hits="307" branch="True" condition-coverage="50% (1/2)">
                  <conditions>
                    <condition number="11" type="jump" coverage="50%" />
                  </conditions>
                </line>
                <line number="117" hits="0" branch="False" />
                <line number="118" hits="0" branch="False" />
                <line number="121" hits="307" branch="False" />
                <line number="122" hits="307" branch="False" />
                <line number="123" hits="307" branch="False" />
                <line number="124" hits="307" branch="False" />
                <line number="125" hits="307" branch="False" />
              </lines>
            </method>
            <method name="TryGetSchemeForAttribute" signature="(Schema.Core.Data.AttributeDefinition,Schema.Core.Data.DataScheme&amp;)" line-rate="0.7272" branch-rate="0.75" complexity="4">
              <lines>
                <line number="128" hits="3" branch="False" />
                <line number="129" hits="3" branch="True" condition-coverage="50% (1/2)">
                  <conditions>
                    <condition number="24" type="jump" coverage="50%" />
                  </conditions>
                </line>
                <line number="130" hits="0" branch="False" />
                <line number="131" hits="0" branch="False" />
                <line number="132" hits="0" branch="False" />
                <line number="135" hits="3" branch="False" />
                <line number="136" hits="5" branch="False" />
                <line number="137" hits="13" branch="True" condition-coverage="100% (2/2)">
                  <conditions>
                    <condition number="9" type="jump" coverage="100%" />
                  </conditions>
                </line>
                <line number="138" hits="8" branch="False" />
                <line number="140" hits="3" branch="False" />
                <line number="141" hits="3" branch="False" />
              </lines>
            </method>
            <method name="UpdateIdentifierValue" signature="(System.String,System.String,System.Object,System.Object)" line-rate="0.8332999999999999" branch-rate="0.6666" complexity="12">
              <lines>
                <line number="152" hits="1" branch="False" />
                <line number="154" hits="1" branch="True" condition-coverage="50% (1/2)">
                  <conditions>
                    <condition number="45" type="jump" coverage="50%" />
                  </conditions>
                </line>
                <line number="155" hits="0" branch="False" />
                <line number="157" hits="2" branch="True" condition-coverage="50% (1/2)">
                  <conditions>
                    <condition number="19" type="jump" coverage="50%" />
                  </conditions>
                </line>
                <line number="158" hits="1" branch="True" condition-coverage="50% (1/2)">
                  <conditions>
                    <condition number="111" type="jump" coverage="50%" />
                  </conditions>
                </line>
                <line number="159" hits="0" branch="False" />
                <line number="161" hits="1" branch="False" />
                <line number="162" hits="1" branch="True" condition-coverage="50% (1/2)">
                  <conditions>
                    <condition number="176" type="jump" coverage="50%" />
                  </conditions>
                </line>
                <line number="163" hits="0" branch="False" />
                <line number="164" hits="1" branch="False" />
                <line number="166" hits="9" branch="True" condition-coverage="100% (2/2)">
                  <conditions>
                    <condition number="269" type="jump" coverage="100%" />
                  </conditions>
                </line>
                <line number="167" hits="3" branch="False" />
                <line number="168" hits="3" branch="True" condition-coverage="100% (2/2)">
                  <conditions>
                    <condition number="231" type="jump" coverage="100%" />
                  </conditions>
                </line>
                <line number="169" hits="1" branch="False" />
                <line number="170" hits="2" branch="False" />
                <line number="171" hits="2" branch="False" />
                <line number="172" hits="1" branch="False" />
                <line number="173" hits="1" branch="False" />
              </lines>
            </method>
            <method name=".cctor" signature="()" line-rate="1" branch-rate="1" complexity="1">
              <lines>
                <line number="36" hits="1" branch="False" />
                <line number="82" hits="1" branch="False" />
                <line number="89" hits="1" branch="False" />
                <line number="91" hits="1" branch="False" />
                <line number="92" hits="1" branch="False" />
              </lines>
            </method>
          </methods>
          <lines>
            <line number="26" hits="6" branch="False" />
            <line number="27" hits="6" branch="True" condition-coverage="50% (1/2)">
              <conditions>
                <condition number="11" type="jump" coverage="50%" />
              </conditions>
            </line>
            <line number="28" hits="0" branch="False" />
            <line number="29" hits="0" branch="False" />
            <line number="32" hits="6" branch="False" />
            <line number="33" hits="6" branch="False" />
            <line number="44" hits="10" branch="False" />
            <line number="45" hits="10" branch="True" condition-coverage="50% (1/2)">
              <conditions>
                <condition number="11" type="jump" coverage="50%" />
              </conditions>
            </line>
            <line number="46" hits="0" branch="False" />
            <line number="47" hits="0" branch="False" />
            <line number="52" hits="10" branch="False" />
            <line number="53" hits="10" branch="False" />
            <line number="54" hits="10" branch="True" condition-coverage="50% (1/2)">
              <conditions>
                <condition number="66" type="jump" coverage="50%" />
              </conditions>
            </line>
            <line number="55" hits="0" branch="False" />
            <line number="56" hits="0" branch="False" />
            <line number="59" hits="10" branch="False" />
            <line number="60" hits="20" branch="True" condition-coverage="50% (1/2)">
              <conditions>
                <condition number="1" type="jump" coverage="50%" />
              </conditions>
            </line>
            <line number="61" hits="20" branch="False" />
            <line number="62" hits="10" branch="False" />
            <line number="64" hits="10" branch="False" />
            <line number="67" hits="3" branch="False" />
            <line number="79" hits="1004" branch="False" />
            <line number="95" hits="104" branch="False" />
            <line number="96" hits="104" branch="False" />
            <line number="97" hits="104" branch="False" />
            <line number="99" hits="104" branch="False" />
            <line number="100" hits="104" branch="False" />
            <line number="101" hits="104" branch="False" />
            <line number="102" hits="104" branch="False" />
            <line number="109" hits="2" branch="False" />
            <line number="110" hits="2" branch="False" />
            <line number="111" hits="2" branch="False" />
            <line number="115" hits="307" branch="False" />
            <line number="116" hits="307" branch="True" condition-coverage="50% (1/2)">
              <conditions>
                <condition number="11" type="jump" coverage="50%" />
              </conditions>
            </line>
            <line number="117" hits="0" branch="False" />
            <line number="118" hits="0" branch="False" />
            <line number="121" hits="307" branch="False" />
            <line number="122" hits="307" branch="False" />
            <line number="123" hits="307" branch="False" />
            <line number="124" hits="307" branch="False" />
            <line number="125" hits="307" branch="False" />
            <line number="128" hits="3" branch="False" />
            <line number="129" hits="3" branch="True" condition-coverage="50% (1/2)">
              <conditions>
                <condition number="24" type="jump" coverage="50%" />
              </conditions>
            </line>
            <line number="130" hits="0" branch="False" />
            <line number="131" hits="0" branch="False" />
            <line number="132" hits="0" branch="False" />
            <line number="135" hits="3" branch="False" />
            <line number="136" hits="5" branch="False" />
            <line number="137" hits="13" branch="True" condition-coverage="100% (2/2)">
              <conditions>
                <condition number="9" type="jump" coverage="100%" />
              </conditions>
            </line>
            <line number="138" hits="8" branch="False" />
            <line number="140" hits="3" branch="False" />
            <line number="141" hits="3" branch="False" />
            <line number="152" hits="1" branch="False" />
            <line number="154" hits="1" branch="True" condition-coverage="50% (1/2)">
              <conditions>
                <condition number="45" type="jump" coverage="50%" />
              </conditions>
            </line>
            <line number="155" hits="0" branch="False" />
            <line number="157" hits="2" branch="True" condition-coverage="50% (1/2)">
              <conditions>
                <condition number="19" type="jump" coverage="50%" />
              </conditions>
            </line>
            <line number="158" hits="1" branch="True" condition-coverage="50% (1/2)">
              <conditions>
                <condition number="111" type="jump" coverage="50%" />
              </conditions>
            </line>
            <line number="159" hits="0" branch="False" />
            <line number="161" hits="1" branch="False" />
            <line number="162" hits="1" branch="True" condition-coverage="50% (1/2)">
              <conditions>
                <condition number="176" type="jump" coverage="50%" />
              </conditions>
            </line>
            <line number="163" hits="0" branch="False" />
            <line number="164" hits="1" branch="False" />
            <line number="166" hits="9" branch="True" condition-coverage="100% (2/2)">
              <conditions>
                <condition number="269" type="jump" coverage="100%" />
              </conditions>
            </line>
            <line number="167" hits="3" branch="False" />
            <line number="168" hits="3" branch="True" condition-coverage="100% (2/2)">
              <conditions>
                <condition number="231" type="jump" coverage="100%" />
              </conditions>
            </line>
            <line number="169" hits="1" branch="False" />
            <line number="170" hits="2" branch="False" />
            <line number="171" hits="2" branch="False" />
            <line number="172" hits="1" branch="False" />
            <line number="173" hits="1" branch="False" />
            <line number="36" hits="1" branch="False" />
            <line number="82" hits="1" branch="False" />
            <line number="89" hits="1" branch="False" />
            <line number="91" hits="1" branch="False" />
            <line number="92" hits="1" branch="False" />
          </lines>
        </class>
        <class name="Schema.Core.Schema/&lt;GetSchemes&gt;d__8" filename="Schema.cs" line-rate="1" branch-rate="1" complexity="4">
          <methods>
            <method name="MoveNext" signature="()" line-rate="1" branch-rate="1" complexity="4">
              <lines>
                <line number="69" hits="5" branch="False" />
                <line number="70" hits="37" branch="True" condition-coverage="100% (2/2)">
                  <conditions>
                    <condition number="170" type="jump" coverage="100%" />
                  </conditions>
                </line>
                <line number="71" hits="11" branch="False" />
                <line number="72" hits="11" branch="True" condition-coverage="100% (2/2)">
                  <conditions>
                    <condition number="109" type="jump" coverage="100%" />
                  </conditions>
                </line>
                <line number="73" hits="11" branch="False" />
                <line number="74" hits="11" branch="False" />
                <line number="75" hits="11" branch="False" />
                <line number="76" hits="11" branch="False" />
                <line number="77" hits="5" branch="False" />
              </lines>
            </method>
          </methods>
          <lines>
            <line number="69" hits="5" branch="False" />
            <line number="70" hits="37" branch="True" condition-coverage="100% (2/2)">
              <conditions>
                <condition number="170" type="jump" coverage="100%" />
              </conditions>
            </line>
            <line number="71" hits="11" branch="False" />
            <line number="72" hits="11" branch="True" condition-coverage="100% (2/2)">
              <conditions>
                <condition number="109" type="jump" coverage="100%" />
              </conditions>
            </line>
            <line number="73" hits="11" branch="False" />
            <line number="74" hits="11" branch="False" />
            <line number="75" hits="11" branch="False" />
            <line number="76" hits="11" branch="False" />
            <line number="77" hits="5" branch="False" />
          </lines>
        </class>
        <class name="Schema.Core.Schema" filename="Schema.Manifest.cs" line-rate="0.8205" branch-rate="0.5555" complexity="20">
          <methods>
            <method name="get_ManifestSelfEntry" signature="()" line-rate="0.5714" branch-rate="0.5" complexity="6">
              <lines>
                <line number="48" hits="10" branch="False" />
                <line number="49" hits="10" branch="True" condition-coverage="50% (1/2)">
                  <conditions>
                    <condition number="11" type="jump" coverage="50%" />
                  </conditions>
                </line>
                <line number="50" hits="0" branch="False" />
                <line number="51" hits="0" branch="False" />
                <line number="54" hits="10" branch="True" condition-coverage="50% (1/2)">
                  <conditions>
                    <condition number="41" type="jump" coverage="50%" />
                  </conditions>
                </line>
                <line number="55" hits="0" branch="False" />
                <line number="56" hits="0" branch="False" />
                <line number="59" hits="10" branch="True" condition-coverage="50% (1/2)">
                  <conditions>
                    <condition number="94" type="jump" coverage="50%" />
                  </conditions>
                </line>
                <line number="60" hits="10" branch="False" />
                <line number="61" hits="10" branch="False" />
                <line number="62" hits="0" branch="False" />
                <line number="63" hits="0" branch="False" />
                <line number="66" hits="10" branch="False" />
                <line number="67" hits="10" branch="False" />
              </lines>
            </method>
            <method name="InitializeTemplateManifestScheme" signature="()" line-rate="1" branch-rate="1" complexity="1">
              <lines>
                <line number="77" hits="104" branch="False" />
                <line number="78" hits="104" branch="False" />
                <line number="79" hits="104" branch="False" />
                <line number="80" hits="104" branch="False" />
                <line number="81" hits="104" branch="False" />
                <line number="83" hits="104" branch="False" />
              </lines>
            </method>
            <method name="BuildTemplateManifestSchema" signature="()" line-rate="1" branch-rate="1" complexity="1">
              <lines>
                <line number="90" hits="110" branch="False" />
                <line number="91" hits="110" branch="False" />
                <line number="92" hits="110" branch="False" />
                <line number="93" hits="110" branch="False" />
                <line number="94" hits="110" branch="False" />
                <line number="95" hits="110" branch="False" />
                <line number="96" hits="110" branch="False" />
                <line number="97" hits="110" branch="False" />
                <line number="98" hits="110" branch="False" />
                <line number="99" hits="110" branch="False" />
                <line number="100" hits="110" branch="False" />
                <line number="101" hits="110" branch="False" />
                <line number="102" hits="110" branch="False" />
                <line number="103" hits="110" branch="False" />
                <line number="104" hits="110" branch="False" />
                <line number="105" hits="110" branch="False" />
                <line number="106" hits="110" branch="False" />
                <line number="107" hits="110" branch="False" />
                <line number="109" hits="110" branch="False" />
                <line number="110" hits="110" branch="False" />
                <line number="111" hits="110" branch="False" />
                <line number="112" hits="110" branch="False" />
                <line number="113" hits="110" branch="False" />
                <line number="114" hits="110" branch="False" />
                <line number="115" hits="110" branch="False" />
                <line number="116" hits="110" branch="False" />
              </lines>
            </method>
            <method name="GetManifestScheme" signature="()" line-rate="0.7142000000000001" branch-rate="0.5" complexity="2">
              <lines>
                <line number="124" hits="282" branch="False" />
                <line number="125" hits="282" branch="True" condition-coverage="50% (1/2)">
                  <conditions>
                    <condition number="11" type="jump" coverage="50%" />
                  </conditions>
                </line>
                <line number="126" hits="0" branch="False" />
                <line number="127" hits="0" branch="False" />
                <line number="130" hits="282" branch="False" />
                <line number="131" hits="282" branch="False" />
                <line number="132" hits="282" branch="False" />
              </lines>
            </method>
            <method name="GetManifestEntryForScheme" signature="(Schema.Core.Data.DataScheme)" line-rate="0.6666" branch-rate="0.5" complexity="4">
              <lines>
                <line number="140" hits="1" branch="False" />
                <line number="141" hits="1" branch="True" condition-coverage="50% (2/4)">
                  <conditions>
                    <condition number="6" type="jump" coverage="50%" />
                    <condition number="17" type="jump" coverage="50%" />
                  </conditions>
                </line>
                <line number="142" hits="0" branch="False" />
                <line number="143" hits="0" branch="False" />
                <line number="146" hits="1" branch="False" />
                <line number="147" hits="1" branch="False" />
              </lines>
            </method>
            <method name="GetManifestEntryForScheme" signature="(System.String)" line-rate="0.7894" branch-rate="0.6666" complexity="6">
              <lines>
                <line number="155" hits="176" branch="False" />
                <line number="156" hits="176" branch="True" condition-coverage="50% (1/2)">
                  <conditions>
                    <condition number="24" type="jump" coverage="50%" />
                  </conditions>
                </line>
                <line number="157" hits="0" branch="False" />
                <line number="158" hits="0" branch="False" />
                <line number="161" hits="176" branch="True" condition-coverage="100% (2/2)">
                  <conditions>
                    <condition number="61" type="jump" coverage="100%" />
                  </conditions>
                </line>
                <line number="162" hits="2" branch="False" />
                <line number="163" hits="2" branch="False" />
                <line number="166" hits="174" branch="False" />
                <line number="167" hits="174" branch="False" />
                <line number="168" hits="174" branch="True" condition-coverage="50% (1/2)">
                  <conditions>
                    <condition number="126" type="jump" coverage="50%" />
                  </conditions>
                </line>
                <line number="169" hits="174" branch="False" />
                <line number="170" hits="429" branch="False" />
                <line number="171" hits="174" branch="False" />
                <line number="173" hits="174" branch="False" />
                <line number="174" hits="174" branch="False" />
                <line number="175" hits="174" branch="False" />
                <line number="178" hits="0" branch="False" />
                <line number="179" hits="0" branch="False" />
                <line number="182" hits="176" branch="False" />
              </lines>
            </method>
          </methods>
          <lines>
            <line number="48" hits="10" branch="False" />
            <line number="49" hits="10" branch="True" condition-coverage="50% (1/2)">
              <conditions>
                <condition number="11" type="jump" coverage="50%" />
              </conditions>
            </line>
            <line number="50" hits="0" branch="False" />
            <line number="51" hits="0" branch="False" />
            <line number="54" hits="10" branch="True" condition-coverage="50% (1/2)">
              <conditions>
                <condition number="41" type="jump" coverage="50%" />
              </conditions>
            </line>
            <line number="55" hits="0" branch="False" />
            <line number="56" hits="0" branch="False" />
            <line number="59" hits="10" branch="True" condition-coverage="50% (1/2)">
              <conditions>
                <condition number="94" type="jump" coverage="50%" />
              </conditions>
            </line>
            <line number="60" hits="10" branch="False" />
            <line number="61" hits="10" branch="False" />
            <line number="62" hits="0" branch="False" />
            <line number="63" hits="0" branch="False" />
            <line number="66" hits="10" branch="False" />
            <line number="67" hits="10" branch="False" />
            <line number="77" hits="104" branch="False" />
            <line number="78" hits="104" branch="False" />
            <line number="79" hits="104" branch="False" />
            <line number="80" hits="104" branch="False" />
            <line number="81" hits="104" branch="False" />
            <line number="83" hits="104" branch="False" />
            <line number="90" hits="110" branch="False" />
            <line number="91" hits="110" branch="False" />
            <line number="92" hits="110" branch="False" />
            <line number="93" hits="110" branch="False" />
            <line number="94" hits="110" branch="False" />
            <line number="95" hits="110" branch="False" />
            <line number="96" hits="110" branch="False" />
            <line number="97" hits="110" branch="False" />
            <line number="98" hits="110" branch="False" />
            <line number="99" hits="110" branch="False" />
            <line number="100" hits="110" branch="False" />
            <line number="101" hits="110" branch="False" />
            <line number="102" hits="110" branch="False" />
            <line number="103" hits="110" branch="False" />
            <line number="104" hits="110" branch="False" />
            <line number="105" hits="110" branch="False" />
            <line number="106" hits="110" branch="False" />
            <line number="107" hits="110" branch="False" />
            <line number="109" hits="110" branch="False" />
            <line number="110" hits="110" branch="False" />
            <line number="111" hits="110" branch="False" />
            <line number="112" hits="110" branch="False" />
            <line number="113" hits="110" branch="False" />
            <line number="114" hits="110" branch="False" />
            <line number="115" hits="110" branch="False" />
            <line number="116" hits="110" branch="False" />
            <line number="124" hits="282" branch="False" />
            <line number="125" hits="282" branch="True" condition-coverage="50% (1/2)">
              <conditions>
                <condition number="11" type="jump" coverage="50%" />
              </conditions>
            </line>
            <line number="126" hits="0" branch="False" />
            <line number="127" hits="0" branch="False" />
            <line number="130" hits="282" branch="False" />
            <line number="131" hits="282" branch="False" />
            <line number="132" hits="282" branch="False" />
            <line number="140" hits="1" branch="False" />
            <line number="141" hits="1" branch="True" condition-coverage="50% (2/4)">
              <conditions>
                <condition number="6" type="jump" coverage="50%" />
                <condition number="17" type="jump" coverage="50%" />
              </conditions>
            </line>
            <line number="142" hits="0" branch="False" />
            <line number="143" hits="0" branch="False" />
            <line number="146" hits="1" branch="False" />
            <line number="147" hits="1" branch="False" />
            <line number="155" hits="176" branch="False" />
            <line number="156" hits="176" branch="True" condition-coverage="50% (1/2)">
              <conditions>
                <condition number="24" type="jump" coverage="50%" />
              </conditions>
            </line>
            <line number="157" hits="0" branch="False" />
            <line number="158" hits="0" branch="False" />
            <line number="161" hits="176" branch="True" condition-coverage="100% (2/2)">
              <conditions>
                <condition number="61" type="jump" coverage="100%" />
              </conditions>
            </line>
            <line number="162" hits="2" branch="False" />
            <line number="163" hits="2" branch="False" />
            <line number="166" hits="174" branch="False" />
            <line number="167" hits="174" branch="False" />
            <line number="168" hits="174" branch="True" condition-coverage="50% (1/2)">
              <conditions>
                <condition number="126" type="jump" coverage="50%" />
              </conditions>
            </line>
            <line number="169" hits="174" branch="False" />
            <line number="170" hits="429" branch="False" />
            <line number="171" hits="174" branch="False" />
            <line number="173" hits="174" branch="False" />
            <line number="174" hits="174" branch="False" />
            <line number="175" hits="174" branch="False" />
            <line number="178" hits="0" branch="False" />
            <line number="179" hits="0" branch="False" />
            <line number="182" hits="176" branch="False" />
          </lines>
        </class>
        <class name="Schema.Core.Schema" filename="Schema.Persistence.cs" line-rate="0.8340000000000001" branch-rate="0.8181" complexity="110">
          <methods>
            <method name="LoadManifestFromPath" signature="(System.String,System.IProgress`1&lt;System.ValueTuple`2&lt;System.Single,System.String&gt;&gt;)" line-rate="0.8201999999999999" branch-rate="0.7222" complexity="36">
              <lines>
                <line number="26" hits="6" branch="False" />
                <line number="27" hits="6" branch="False" />
                <line number="28" hits="6" branch="True" condition-coverage="100% (2/2)">
                  <conditions>
                    <condition number="49" type="jump" coverage="100%" />
                  </conditions>
                </line>
                <line number="29" hits="2" branch="False" />
                <line number="30" hits="2" branch="False" />
                <line number="33" hits="4" branch="True" condition-coverage="100% (2/2)">
                  <conditions>
                    <condition number="95" type="jump" coverage="100%" />
                  </conditions>
                </line>
                <line number="34" hits="1" branch="False" />
                <line number="35" hits="1" branch="False" />
                <line number="38" hits="3" branch="False" />
                <line number="39" hits="3" branch="False" />
                <line number="41" hits="3" branch="False" />
                <line number="42" hits="3" branch="False" />
                <line number="44" hits="3" branch="True" condition-coverage="50% (1/2)">
                  <conditions>
                    <condition number="197" type="jump" coverage="50%" />
                  </conditions>
                </line>
                <line number="45" hits="3" branch="False" />
                <line number="46" hits="3" branch="True" condition-coverage="100% (2/2)">
                  <conditions>
                    <condition number="290" type="jump" coverage="100%" />
                  </conditions>
                </line>
                <line number="47" hits="3" branch="False" />
                <line number="48" hits="1" branch="False" />
                <line number="49" hits="1" branch="False" />
                <line number="52" hits="2" branch="False" />
                <line number="53" hits="2" branch="False" />
                <line number="54" hits="2" branch="False" />
                <line number="56" hits="2" branch="False" />
                <line number="57" hits="2" branch="False" />
                <line number="58" hits="2" branch="True" condition-coverage="50% (1/2)">
                  <conditions>
                    <condition number="369" type="jump" coverage="50%" />
                  </conditions>
                </line>
                <line number="59" hits="0" branch="False" />
                <line number="60" hits="0" branch="False" />
                <line number="63" hits="2" branch="False" />
                <line number="65" hits="2" branch="False" />
                <line number="66" hits="2" branch="False" />
                <line number="68" hits="6" branch="False" />
                <line number="69" hits="2" branch="True" condition-coverage="100% (2/2)">
                  <conditions>
                    <condition number="493" type="jump" coverage="100%" />
                  </conditions>
                </line>
                <line number="70" hits="10" branch="True" condition-coverage="50% (1/2)">
                  <conditions>
                    <condition number="608" type="jump" coverage="50%" />
                  </conditions>
                </line>
                <line number="71" hits="0" branch="False" />
                <line number="72" hits="0" branch="False" />
                <line number="73" hits="0" branch="False" />
                <line number="76" hits="2" branch="False" />
                <line number="77" hits="1" branch="False" />
                <line number="78" hits="1" branch="True" condition-coverage="50% (1/2)">
                  <conditions>
                    <condition number="13" type="jump" coverage="50%" />
                  </conditions>
                </line>
                <line number="79" hits="1" branch="False" />
                <line number="80" hits="3" branch="False" />
                <line number="81" hits="2" branch="False" />
                <line number="82" hits="18" branch="True" condition-coverage="100% (2/2)">
                  <conditions>
                    <condition number="944" type="jump" coverage="100%" />
                  </conditions>
                </line>
                <line number="83" hits="4" branch="False" />
                <line number="84" hits="4" branch="False" />
                <line number="85" hits="4" branch="False" />
                <line number="87" hits="4" branch="True" condition-coverage="100% (2/2)">
                  <conditions>
                    <condition number="782" type="jump" coverage="100%" />
                  </conditions>
                </line>
                <line number="88" hits="2" branch="False" />
                <line number="89" hits="2" branch="False" />
                <line number="90" hits="2" branch="True" condition-coverage="50% (1/2)">
                  <conditions>
                    <condition number="810" type="jump" coverage="50%" />
                  </conditions>
                </line>
                <line number="91" hits="2" branch="False" />
                <line number="93" hits="2" branch="False" />
                <line number="95" hits="0" branch="False" />
                <line number="97" hits="2" branch="False" />
                <line number="98" hits="2" branch="False" />
                <line number="99" hits="2" branch="True" condition-coverage="100% (2/2)">
                  <conditions>
                    <condition number="843" type="jump" coverage="100%" />
                  </conditions>
                </line>
                <line number="100" hits="1" branch="False" />
                <line number="101" hits="1" branch="False" />
                <line number="102" hits="1" branch="False" />
                <line number="103" hits="1" branch="False" />
                <line number="107" hits="1" branch="False" />
                <line number="108" hits="1" branch="False" />
                <line number="109" hits="1" branch="True" condition-coverage="50% (1/2)">
                  <conditions>
                    <condition number="890" type="jump" coverage="50%" />
                  </conditions>
                </line>
                <line number="110" hits="0" branch="False" />
                <line number="111" hits="0" branch="True" condition-coverage="0% (0/2)">
                  <conditions>
                    <condition number="909" type="jump" coverage="0%" />
                  </conditions>
                </line>
                <line number="112" hits="0" branch="False" />
                <line number="114" hits="0" branch="False" />
                <line number="115" hits="0" branch="False" />
                <line number="119" hits="0" branch="False" />
                <line number="121" hits="1" branch="False" />
                <line number="122" hits="1" branch="False" />
                <line number="125" hits="3" branch="False" />
                <line number="127" hits="2" branch="True" condition-coverage="50% (1/2)">
                  <conditions>
                    <condition number="1017" type="jump" coverage="50%" />
                  </conditions>
                </line>
                <line number="128" hits="8" branch="True" condition-coverage="100% (2/2)">
                  <conditions>
                    <condition number="1118" type="jump" coverage="100%" />
                  </conditions>
                </line>
                <line number="129" hits="1" branch="False" />
                <line number="130" hits="1" branch="False" />
                <line number="131" hits="1" branch="False" />
                <line number="132" hits="1" branch="False" />
                <line number="133" hits="1" branch="True" condition-coverage="50% (1/2)">
                  <conditions>
                    <condition number="1088" type="jump" coverage="50%" />
                  </conditions>
                </line>
                <line number="134" hits="0" branch="False" />
                <line number="135" hits="0" branch="False" />
                <line number="136" hits="0" branch="False" />
                <line number="137" hits="0" branch="False" />
                <line number="138" hits="1" branch="False" />
                <line number="140" hits="2" branch="True" condition-coverage="100% (2/2)">
                  <conditions>
                    <condition number="1144" type="jump" coverage="100%" />
                  </conditions>
                </line>
                <line number="141" hits="1" branch="False" />
                <line number="142" hits="1" branch="False" />
                <line number="146" hits="1" branch="False" />
                <line number="148" hits="1" branch="False" />
                <line number="150" hits="6" branch="False" />
              </lines>
            </method>
            <method name="LoadSchemeFromManifestEntry" signature="(Schema.Core.Data.DataEntry,System.IProgress`1&lt;System.String&gt;)" line-rate="0.92" branch-rate="0.9375" complexity="16">
              <lines>
                <line number="154" hits="8" branch="False" />
                <line number="155" hits="8" branch="True" condition-coverage="100% (2/2)">
                  <conditions>
                    <condition number="10" type="jump" coverage="100%" />
                  </conditions>
                </line>
                <line number="156" hits="1" branch="False" />
                <line number="157" hits="1" branch="False" />
                <line number="161" hits="7" branch="True" condition-coverage="100% (2/2)">
                  <conditions>
                    <condition number="61" type="jump" coverage="100%" />
                  </conditions>
                </line>
                <line number="162" hits="3" branch="False" />
                <line number="163" hits="3" branch="False" />
                <line number="166" hits="4" branch="True" condition-coverage="100% (2/2)">
                  <conditions>
                    <condition number="102" type="jump" coverage="100%" />
                  </conditions>
                </line>
                <line number="167" hits="1" branch="False" />
                <line number="168" hits="1" branch="False" />
                <line number="171" hits="3" branch="True" condition-coverage="100% (2/2)">
                  <conditions>
                    <condition number="153" type="jump" coverage="100%" />
                  </conditions>
                </line>
                <line number="172" hits="1" branch="False" />
                <line number="174" hits="1" branch="False" />
                <line number="175" hits="1" branch="False" />
                <line number="178" hits="2" branch="True" condition-coverage="100% (4/4)">
                  <conditions>
                    <condition number="195" type="jump" coverage="100%" />
                    <condition number="218" type="jump" coverage="100%" />
                  </conditions>
                </line>
                <line number="179" hits="1" branch="False" />
                <line number="180" hits="1" branch="False" />
                <line number="181" hits="1" branch="False" />
                <line number="184" hits="1" branch="True" condition-coverage="100% (2/2)">
                  <conditions>
                    <condition number="248" type="jump" coverage="100%" />
                  </conditions>
                </line>
                <line number="187" hits="1" branch="True" condition-coverage="50% (1/2)">
                  <conditions>
                    <condition number="289" type="jump" coverage="50%" />
                  </conditions>
                </line>
                <line number="188" hits="1" branch="False" />
                <line number="189" hits="0" branch="False" />
                <line number="190" hits="0" branch="False" />
                <line number="193" hits="1" branch="False" />
                <line number="194" hits="8" branch="False" />
              </lines>
            </method>
            <method name="LoadDataScheme" signature="(Schema.Core.Data.DataScheme,System.Boolean,System.Boolean,System.String)" line-rate="0.7376999999999999" branch-rate="0.7812" complexity="32">
              <lines>
                <line number="207" hits="194" branch="False" />
                <line number="208" hits="194" branch="False" />
                <line number="209" hits="194" branch="False" />
                <line number="212" hits="194" branch="True" condition-coverage="50% (1/2)">
                  <conditions>
                    <condition number="38" type="jump" coverage="50%" />
                  </conditions>
                </line>
                <line number="213" hits="0" branch="False" />
                <line number="214" hits="0" branch="False" />
                <line number="217" hits="194" branch="True" condition-coverage="75% (3/4)">
                  <conditions>
                    <condition number="75" type="jump" coverage="100%" />
                    <condition number="86" type="jump" coverage="50%" />
                  </conditions>
                </line>
                <line number="218" hits="0" branch="False" />
                <line number="219" hits="0" branch="False" />
                <line number="223" hits="962" branch="True" condition-coverage="100% (2/2)">
                  <conditions>
                    <condition number="442" type="jump" coverage="100%" />
                  </conditions>
                </line>
                <line number="224" hits="190" branch="False" />
                <line number="225" hits="1248" branch="True" condition-coverage="100% (2/2)">
                  <conditions>
                    <condition number="414" type="jump" coverage="100%" />
                  </conditions>
                </line>
                <line number="226" hits="339" branch="False" />
                <line number="227" hits="339" branch="False" />
                <line number="228" hits="339" branch="True" condition-coverage="50% (1/2)">
                  <conditions>
                    <condition number="192" type="jump" coverage="50%" />
                  </conditions>
                </line>
                <line number="229" hits="0" branch="False" />
                <line number="231" hits="0" branch="False" />
                <line number="232" hits="0" branch="False" />
                <line number="234" hits="339" branch="False" />
                <line number="235" hits="339" branch="False" />
                <line number="236" hits="339" branch="False" />
                <line number="237" hits="339" branch="True" condition-coverage="100% (4/4)">
                  <conditions>
                    <condition number="258" type="jump" coverage="100%" />
                    <condition number="276" type="jump" coverage="100%" />
                  </conditions>
                </line>
                <line number="238" hits="36" branch="False" />
                <line number="239" hits="36" branch="False" />
                <line number="240" hits="36" branch="True" condition-coverage="50% (1/2)">
                  <conditions>
                    <condition number="306" type="jump" coverage="50%" />
                  </conditions>
                </line>
                <line number="241" hits="0" branch="False" />
                <line number="247" hits="0" branch="False" />
                <line number="248" hits="0" branch="False" />
                <line number="251" hits="36" branch="False" />
                <line number="252" hits="36" branch="True" condition-coverage="50% (1/2)">
                  <conditions>
                    <condition number="382" type="jump" coverage="50%" />
                  </conditions>
                </line>
                <line number="253" hits="0" branch="False" />
                <line number="254" hits="0" branch="False" />
                <line number="256" hits="36" branch="False" />
                <line number="257" hits="339" branch="False" />
                <line number="258" hits="339" branch="False" />
                <line number="259" hits="190" branch="False" />
                <line number="261" hits="194" branch="False" />
                <line number="263" hits="194" branch="True" condition-coverage="100% (2/2)">
                  <conditions>
                    <condition number="480" type="jump" coverage="100%" />
                  </conditions>
                </line>
                <line number="264" hits="191" branch="False" />
                <line number="266" hits="191" branch="True" condition-coverage="100% (4/4)">
                  <conditions>
                    <condition number="492" type="jump" coverage="100%" />
                    <condition number="518" type="jump" coverage="100%" />
                  </conditions>
                </line>
                <line number="267" hits="107" branch="False" />
                <line number="270" hits="84" branch="False" />
                <line number="271" hits="84" branch="False" />
                <line number="272" hits="84" branch="True" condition-coverage="50% (1/2)">
                  <conditions>
                    <condition number="582" type="jump" coverage="50%" />
                  </conditions>
                </line>
                <line number="273" hits="84" branch="False" />
                <line number="275" hits="84" branch="False" />
                <line number="276" hits="84" branch="False" />
                <line number="278" hits="84" branch="True" condition-coverage="100% (2/2)">
                  <conditions>
                    <condition number="622" type="jump" coverage="100%" />
                  </conditions>
                </line>
                <line number="279" hits="3" branch="False" />
                <line number="281" hits="3" branch="False" />
                <line number="282" hits="3" branch="False" />
                <line number="284" hits="84" branch="False" />
                <line number="285" hits="84" branch="False" />
                <line number="286" hits="84" branch="True" condition-coverage="50% (1/2)">
                  <conditions>
                    <condition number="717" type="jump" coverage="50%" />
                  </conditions>
                </line>
                <line number="287" hits="0" branch="False" />
                <line number="288" hits="0" branch="False" />
                <line number="291" hits="84" branch="False" />
                <line number="293" hits="0" branch="False" />
                <line number="294" hits="0" branch="False" />
                <line number="296" hits="3" branch="False" />
                <line number="297" hits="194" branch="False" />
              </lines>
            </method>
            <method name="SaveManifest" signature="(System.String,System.IProgress`1&lt;System.Single&gt;)" line-rate="0.7916" branch-rate="0.8332999999999999" complexity="6">
              <lines>
                <line number="303" hits="3" branch="False" />
                <line number="304" hits="3" branch="False" />
                <line number="305" hits="3" branch="True" condition-coverage="100% (2/2)">
                  <conditions>
                    <condition number="36" type="jump" coverage="100%" />
                  </conditions>
                </line>
                <line number="306" hits="1" branch="False" />
                <line number="307" hits="1" branch="False" />
                <line number="310" hits="2" branch="True" condition-coverage="50% (1/2)">
                  <conditions>
                    <condition number="67" type="jump" coverage="50%" />
                  </conditions>
                </line>
                <line number="311" hits="2" branch="False" />
                <line number="312" hits="2" branch="False" />
                <line number="313" hits="2" branch="False" />
                <line number="315" hits="2" branch="False" />
                <line number="316" hits="2" branch="False" />
                <line number="318" hits="2" branch="True" condition-coverage="100% (2/2)">
                  <conditions>
                    <condition number="174" type="jump" coverage="100%" />
                  </conditions>
                </line>
                <line number="319" hits="2" branch="False" />
                <line number="320" hits="2" branch="False" />
                <line number="321" hits="2" branch="False" />
                <line number="322" hits="2" branch="False" />
                <line number="323" hits="0" branch="False" />
                <line number="324" hits="0" branch="False" />
                <line number="325" hits="0" branch="False" />
                <line number="326" hits="0" branch="False" />
                <line number="327" hits="0" branch="False" />
                <line number="329" hits="2" branch="False" />
                <line number="331" hits="2" branch="False" />
                <line number="332" hits="3" branch="False" />
              </lines>
            </method>
            <method name="Save" signature="(System.Boolean)" line-rate="0.875" branch-rate="0.9" complexity="10">
              <lines>
                <line number="335" hits="2" branch="False" />
                <line number="336" hits="14" branch="True" condition-coverage="100% (2/2)">
                  <conditions>
                    <condition number="93" type="jump" coverage="100%" />
                  </conditions>
                </line>
                <line number="337" hits="4" branch="False" />
                <line number="338" hits="4" branch="True" condition-coverage="100% (2/2)">
                  <conditions>
                    <condition number="31" type="jump" coverage="100%" />
                  </conditions>
                </line>
                <line number="339" hits="3" branch="False" />
                <line number="340" hits="3" branch="True" condition-coverage="100% (4/4)">
                  <conditions>
                    <condition number="40" type="jump" coverage="100%" />
                    <condition number="53" type="jump" coverage="100%" />
                  </conditions>
                </line>
                <line number="341" hits="2" branch="False" />
                <line number="342" hits="2" branch="False" />
                <line number="345" hits="1" branch="False" />
                <line number="346" hits="1" branch="True" condition-coverage="50% (1/2)">
                  <conditions>
                    <condition number="77" type="jump" coverage="50%" />
                  </conditions>
                </line>
                <line number="347" hits="0" branch="False" />
                <line number="348" hits="0" branch="False" />
                <line number="350" hits="1" branch="False" />
                <line number="351" hits="2" branch="False" />
                <line number="353" hits="2" branch="False" />
                <line number="354" hits="2" branch="False" />
              </lines>
            </method>
            <method name="SaveDataScheme" signature="(Schema.Core.Data.DataScheme,System.Boolean)" line-rate="1" branch-rate="1" complexity="10">
              <lines>
                <line number="357" hits="6" branch="False" />
                <line number="358" hits="6" branch="False" />
                <line number="359" hits="6" branch="True" condition-coverage="100% (2/2)">
                  <conditions>
                    <condition number="34" type="jump" coverage="100%" />
                  </conditions>
                </line>
                <line number="360" hits="1" branch="False" />
                <line number="361" hits="1" branch="False" />
                <line number="364" hits="5" branch="False" />
                <line number="365" hits="5" branch="False" />
                <line number="366" hits="5" branch="True" condition-coverage="100% (2/2)">
                  <conditions>
                    <condition number="97" type="jump" coverage="100%" />
                  </conditions>
                </line>
                <line number="367" hits="1" branch="False" />
                <line number="368" hits="1" branch="False" />
                <line number="372" hits="4" branch="False" />
                <line number="373" hits="4" branch="False" />
                <line number="374" hits="4" branch="True" condition-coverage="100% (2/2)">
                  <conditions>
                    <condition number="150" type="jump" coverage="100%" />
                  </conditions>
                </line>
                <line number="375" hits="2" branch="False" />
                <line number="377" hits="2" branch="False" />
                <line number="378" hits="2" branch="False" />
                <line number="379" hits="2" branch="False" />
                <line number="380" hits="2" branch="False" />
                <line number="382" hits="4" branch="True" condition-coverage="100% (2/2)">
                  <conditions>
                    <condition number="210" type="jump" coverage="100%" />
                  </conditions>
                </line>
                <line number="383" hits="2" branch="False" />
                <line number="384" hits="2" branch="False" />
                <line number="385" hits="2" branch="False" />
                <line number="386" hits="2" branch="False" />
                <line number="387" hits="2" branch="False" />
                <line number="388" hits="4" branch="False" />
                <line number="390" hits="4" branch="True" condition-coverage="100% (2/2)">
                  <conditions>
                    <condition number="278" type="jump" coverage="100%" />
                  </conditions>
                </line>
                <line number="391" hits="3" branch="False" />
                <line number="392" hits="3" branch="False" />
                <line number="393" hits="3" branch="False" />
                <line number="394" hits="3" branch="False" />
                <line number="395" hits="4" branch="False" />
                <line number="396" hits="6" branch="False" />
              </lines>
            </method>
          </methods>
          <lines>
            <line number="26" hits="6" branch="False" />
            <line number="27" hits="6" branch="False" />
            <line number="28" hits="6" branch="True" condition-coverage="100% (2/2)">
              <conditions>
                <condition number="49" type="jump" coverage="100%" />
              </conditions>
            </line>
            <line number="29" hits="2" branch="False" />
            <line number="30" hits="2" branch="False" />
            <line number="33" hits="4" branch="True" condition-coverage="100% (2/2)">
              <conditions>
                <condition number="95" type="jump" coverage="100%" />
              </conditions>
            </line>
            <line number="34" hits="1" branch="False" />
            <line number="35" hits="1" branch="False" />
            <line number="38" hits="3" branch="False" />
            <line number="39" hits="3" branch="False" />
            <line number="41" hits="3" branch="False" />
            <line number="42" hits="3" branch="False" />
            <line number="44" hits="3" branch="True" condition-coverage="50% (1/2)">
              <conditions>
                <condition number="197" type="jump" coverage="50%" />
              </conditions>
            </line>
            <line number="45" hits="3" branch="False" />
            <line number="46" hits="3" branch="True" condition-coverage="100% (2/2)">
              <conditions>
                <condition number="290" type="jump" coverage="100%" />
              </conditions>
            </line>
            <line number="47" hits="3" branch="False" />
            <line number="48" hits="1" branch="False" />
            <line number="49" hits="1" branch="False" />
            <line number="52" hits="2" branch="False" />
            <line number="53" hits="2" branch="False" />
            <line number="54" hits="2" branch="False" />
            <line number="56" hits="2" branch="False" />
            <line number="57" hits="2" branch="False" />
            <line number="58" hits="2" branch="True" condition-coverage="50% (1/2)">
              <conditions>
                <condition number="369" type="jump" coverage="50%" />
              </conditions>
            </line>
            <line number="59" hits="0" branch="False" />
            <line number="60" hits="0" branch="False" />
            <line number="63" hits="2" branch="False" />
            <line number="65" hits="2" branch="False" />
            <line number="66" hits="2" branch="False" />
            <line number="68" hits="6" branch="False" />
            <line number="69" hits="2" branch="True" condition-coverage="100% (2/2)">
              <conditions>
                <condition number="493" type="jump" coverage="100%" />
              </conditions>
            </line>
            <line number="70" hits="10" branch="True" condition-coverage="50% (1/2)">
              <conditions>
                <condition number="608" type="jump" coverage="50%" />
              </conditions>
            </line>
            <line number="71" hits="0" branch="False" />
            <line number="72" hits="0" branch="False" />
            <line number="73" hits="0" branch="False" />
            <line number="76" hits="2" branch="False" />
            <line number="77" hits="1" branch="False" />
            <line number="78" hits="1" branch="True" condition-coverage="50% (1/2)">
              <conditions>
                <condition number="13" type="jump" coverage="50%" />
              </conditions>
            </line>
            <line number="79" hits="1" branch="False" />
            <line number="80" hits="3" branch="False" />
            <line number="81" hits="2" branch="False" />
            <line number="82" hits="18" branch="True" condition-coverage="100% (2/2)">
              <conditions>
                <condition number="944" type="jump" coverage="100%" />
              </conditions>
            </line>
            <line number="83" hits="4" branch="False" />
            <line number="84" hits="4" branch="False" />
            <line number="85" hits="4" branch="False" />
            <line number="87" hits="4" branch="True" condition-coverage="100% (2/2)">
              <conditions>
                <condition number="782" type="jump" coverage="100%" />
              </conditions>
            </line>
            <line number="88" hits="2" branch="False" />
            <line number="89" hits="2" branch="False" />
            <line number="90" hits="2" branch="True" condition-coverage="50% (1/2)">
              <conditions>
                <condition number="810" type="jump" coverage="50%" />
              </conditions>
            </line>
            <line number="91" hits="2" branch="False" />
            <line number="93" hits="2" branch="False" />
            <line number="95" hits="0" branch="False" />
            <line number="97" hits="2" branch="False" />
            <line number="98" hits="2" branch="False" />
            <line number="99" hits="2" branch="True" condition-coverage="100% (2/2)">
              <conditions>
                <condition number="843" type="jump" coverage="100%" />
              </conditions>
            </line>
            <line number="100" hits="1" branch="False" />
            <line number="101" hits="1" branch="False" />
            <line number="102" hits="1" branch="False" />
            <line number="103" hits="1" branch="False" />
            <line number="107" hits="1" branch="False" />
            <line number="108" hits="1" branch="False" />
            <line number="109" hits="1" branch="True" condition-coverage="50% (1/2)">
              <conditions>
                <condition number="890" type="jump" coverage="50%" />
              </conditions>
            </line>
            <line number="110" hits="0" branch="False" />
            <line number="111" hits="0" branch="True" condition-coverage="0% (0/2)">
              <conditions>
                <condition number="909" type="jump" coverage="0%" />
              </conditions>
            </line>
            <line number="112" hits="0" branch="False" />
            <line number="114" hits="0" branch="False" />
            <line number="115" hits="0" branch="False" />
            <line number="119" hits="0" branch="False" />
            <line number="121" hits="1" branch="False" />
            <line number="122" hits="1" branch="False" />
            <line number="125" hits="3" branch="False" />
            <line number="127" hits="2" branch="True" condition-coverage="50% (1/2)">
              <conditions>
                <condition number="1017" type="jump" coverage="50%" />
              </conditions>
            </line>
            <line number="128" hits="8" branch="True" condition-coverage="100% (2/2)">
              <conditions>
                <condition number="1118" type="jump" coverage="100%" />
              </conditions>
            </line>
            <line number="129" hits="1" branch="False" />
            <line number="130" hits="1" branch="False" />
            <line number="131" hits="1" branch="False" />
            <line number="132" hits="1" branch="False" />
            <line number="133" hits="1" branch="True" condition-coverage="50% (1/2)">
              <conditions>
                <condition number="1088" type="jump" coverage="50%" />
              </conditions>
            </line>
            <line number="134" hits="0" branch="False" />
            <line number="135" hits="0" branch="False" />
            <line number="136" hits="0" branch="False" />
            <line number="137" hits="0" branch="False" />
            <line number="138" hits="1" branch="False" />
            <line number="140" hits="2" branch="True" condition-coverage="100% (2/2)">
              <conditions>
                <condition number="1144" type="jump" coverage="100%" />
              </conditions>
            </line>
            <line number="141" hits="1" branch="False" />
            <line number="142" hits="1" branch="False" />
            <line number="146" hits="1" branch="False" />
            <line number="148" hits="1" branch="False" />
            <line number="150" hits="6" branch="False" />
            <line number="154" hits="8" branch="False" />
            <line number="155" hits="8" branch="True" condition-coverage="100% (2/2)">
              <conditions>
                <condition number="10" type="jump" coverage="100%" />
              </conditions>
            </line>
            <line number="156" hits="1" branch="False" />
            <line number="157" hits="1" branch="False" />
            <line number="161" hits="7" branch="True" condition-coverage="100% (2/2)">
              <conditions>
                <condition number="61" type="jump" coverage="100%" />
              </conditions>
            </line>
            <line number="162" hits="3" branch="False" />
            <line number="163" hits="3" branch="False" />
            <line number="166" hits="4" branch="True" condition-coverage="100% (2/2)">
              <conditions>
[...]
          <methods>
            <method name="get_AllowEmptyPath" signature="()" line-rate="0" branch-rate="1" complexity="1">
              <lines>
                <line number="14" hits="0" branch="False" />
              </lines>
            </method>
            <method name="get_TypeName" signature="()" line-rate="1" branch-rate="1" complexity="1">
              <lines>
                <line number="15" hits="409" branch="False" />
              </lines>
            </method>
            <method name="CheckIfValidData" signature="(System.Object)" line-rate="0.8181" branch-rate="0.75" complexity="4">
              <lines>
                <line number="23" hits="225" branch="False" />
                <line number="24" hits="225" branch="True" condition-coverage="50% (1/2)">
                  <conditions>
                    <condition number="17" type="jump" coverage="50%" />
                  </conditions>
                </line>
                <line number="25" hits="0" branch="False" />
                <line number="26" hits="0" branch="False" />
                <line number="29" hits="225" branch="True" condition-coverage="100% (2/2)">
                  <conditions>
                    <condition number="48" type="jump" coverage="100%" />
                  </conditions>
                </line>
                <line number="30" hits="219" branch="False" />
                <line number="31" hits="219" branch="False" />
                <line number="34" hits="6" branch="False" />
                <line number="35" hits="6" branch="False" />
                <line number="36" hits="6" branch="False" />
                <line number="37" hits="225" branch="False" />
              </lines>
            </method>
            <method name="ConvertData" signature="(System.Object)" line-rate="1" branch-rate="1" complexity="1">
              <lines>
                <line number="40" hits="5" branch="False" />
                <line number="41" hits="5" branch="False" />
                <line number="43" hits="5" branch="False" />
                <line number="44" hits="5" branch="False" />
                <line number="45" hits="5" branch="False" />
                <line number="46" hits="5" branch="False" />
                <line number="47" hits="5" branch="False" />
                <line number="48" hits="5" branch="False" />
              </lines>
            </method>
            <method name=".ctor" signature="(System.Boolean)" line-rate="1" branch-rate="1" complexity="1">
              <lines>
                <line number="17" hits="123" branch="False" />
                <line number="18" hits="123" branch="False" />
                <line number="19" hits="123" branch="False" />
                <line number="20" hits="123" branch="False" />
              </lines>
            </method>
          </methods>
          <lines>
            <line number="14" hits="0" branch="False" />
            <line number="15" hits="409" branch="False" />
            <line number="23" hits="225" branch="False" />
            <line number="24" hits="225" branch="True" condition-coverage="50% (1/2)">
              <conditions>
                <condition number="17" type="jump" coverage="50%" />
              </conditions>
            </line>
            <line number="25" hits="0" branch="False" />
            <line number="26" hits="0" branch="False" />
            <line number="29" hits="225" branch="True" condition-coverage="100% (2/2)">
              <conditions>
                <condition number="48" type="jump" coverage="100%" />
              </conditions>
            </line>
            <line number="30" hits="219" branch="False" />
            <line number="31" hits="219" branch="False" />
            <line number="34" hits="6" branch="False" />
            <line number="35" hits="6" branch="False" />
            <line number="36" hits="6" branch="False" />
            <line number="37" hits="225" branch="False" />
            <line number="40" hits="5" branch="False" />
            <line number="41" hits="5" branch="False" />
            <line number="43" hits="5" branch="False" />
            <line number="44" hits="5" branch="False" />
            <line number="45" hits="5" branch="False" />
            <line number="46" hits="5" branch="False" />
            <line number="47" hits="5" branch="False" />
            <line number="48" hits="5" branch="False" />
            <line number="17" hits="123" branch="False" />
            <line number="18" hits="123" branch="False" />
            <line number="19" hits="123" branch="False" />
            <line number="20" hits="123" branch="False" />
          </lines>
        </class>
        <class name="Schema.Core.Data.IntegerDataType" filename="Data/Type/IntegerDataType.cs" line-rate="1" branch-rate="1" complexity="4">
          <methods>
            <method name="get_TypeName" signature="()" line-rate="1" branch-rate="1" complexity="1">
              <lines>
                <line number="8" hits="103" branch="False" />
              </lines>
            </method>
            <method name="CheckIfValidData" signature="(System.Object)" line-rate="1" branch-rate="1" complexity="1">
              <lines>
                <line number="16" hits="13" branch="False" />
                <line number="17" hits="13" branch="False" />
                <line number="18" hits="13" branch="False" />
                <line number="19" hits="13" branch="False" />
                <line number="20" hits="13" branch="False" />
              </lines>
            </method>
            <method name="ConvertData" signature="(System.Object)" line-rate="1" branch-rate="1" complexity="1">
              <lines>
                <line number="23" hits="6" branch="False" />
                <line number="25" hits="6" branch="False" />
                <line number="26" hits="6" branch="False" />
                <line number="27" hits="4" branch="False" />
                <line number="28" hits="4" branch="False" />
                <line number="30" hits="2" branch="False" />
                <line number="31" hits="2" branch="False" />
                <line number="32" hits="2" branch="False" />
                <line number="34" hits="6" branch="False" />
              </lines>
            </method>
            <method name=".ctor" signature="(System.Int32)" line-rate="1" branch-rate="1" complexity="1">
              <lines>
                <line number="10" hits="8" branch="False" />
                <line number="11" hits="8" branch="False" />
                <line number="13" hits="8" branch="False" />
              </lines>
            </method>
          </methods>
          <lines>
            <line number="8" hits="103" branch="False" />
            <line number="16" hits="13" branch="False" />
            <line number="17" hits="13" branch="False" />
            <line number="18" hits="13" branch="False" />
            <line number="19" hits="13" branch="False" />
            <line number="20" hits="13" branch="False" />
            <line number="23" hits="6" branch="False" />
            <line number="25" hits="6" branch="False" />
            <line number="26" hits="6" branch="False" />
            <line number="27" hits="4" branch="False" />
            <line number="28" hits="4" branch="False" />
            <line number="30" hits="2" branch="False" />
            <line number="31" hits="2" branch="False" />
            <line number="32" hits="2" branch="False" />
            <line number="34" hits="6" branch="False" />
            <line number="10" hits="8" branch="False" />
            <line number="11" hits="8" branch="False" />
            <line number="13" hits="8" branch="False" />
          </lines>
        </class>
        <class name="Schema.Core.Data.ReferenceDataType" filename="Data/Type/ReferenceDataType.cs" line-rate="0.9129999999999999" branch-rate="0.875" complexity="16">
          <methods>
            <method name="get_ReferenceSchemeName" signature="()" line-rate="1" branch-rate="1" complexity="1">
              <lines>
                <line number="11" hits="126" branch="False" />
              </lines>
            </method>
            <method name="get_ReferenceAttributeName" signature="()" line-rate="1" branch-rate="1" complexity="1">
              <lines>
                <line number="12" hits="126" branch="False" />
              </lines>
            </method>
            <method name="get_SupportsEmptyReferences" signature="()" line-rate="1" branch-rate="1" complexity="1">
              <lines>
                <line number="14" hits="24" branch="False" />
              </lines>
            </method>
            <method name="get_TypeName" signature="()" line-rate="1" branch-rate="1" complexity="1">
              <lines>
                <line number="27" hits="39" branch="False" />
              </lines>
            </method>
            <method name="ToString" signature="()" line-rate="1" branch-rate="1" complexity="1">
              <lines>
                <line number="30" hits="51" branch="False" />
                <line number="31" hits="51" branch="False" />
                <line number="32" hits="51" branch="False" />
              </lines>
            </method>
            <method name="CheckIfValidData" signature="(System.Object)" line-rate="0.8" branch-rate="0.875" complexity="8">
              <lines>
                <line number="35" hits="11" branch="False" />
                <line number="36" hits="11" branch="True" condition-coverage="50% (1/2)">
                  <conditions>
                    <condition number="27" type="jump" coverage="50%" />
                  </conditions>
                </line>
                <line number="37" hits="0" branch="False" />
                <line number="38" hits="0" branch="False" />
                <line number="39" hits="0" branch="False" />
                <line number="40" hits="0" branch="False" />
                <line number="43" hits="11" branch="True" condition-coverage="100% (2/2)">
                  <conditions>
                    <condition number="88" type="jump" coverage="100%" />
                  </conditions>
                </line>
                <line number="44" hits="1" branch="False" />
                <line number="45" hits="1" branch="False" />
                <line number="48" hits="10" branch="True" condition-coverage="100% (2/2)">
                  <conditions>
                    <condition number="149" type="jump" coverage="100%" />
                  </conditions>
                </line>
                <line number="49" hits="1" branch="False" />
                <line number="50" hits="1" branch="False" />
                <line number="53" hits="9" branch="True" condition-coverage="100% (2/2)">
                  <conditions>
                    <condition number="188" type="jump" coverage="100%" />
                  </conditions>
                </line>
                <line number="54" hits="1" branch="False" />
                <line number="55" hits="1" branch="False" />
                <line number="58" hits="18" branch="False" />
                <line number="60" hits="8" branch="False" />
                <line number="61" hits="8" branch="False" />
                <line number="62" hits="8" branch="False" />
                <line number="63" hits="11" branch="False" />
              </lines>
            </method>
            <method name="ConvertData" signature="(System.Object)" line-rate="1" branch-rate="1" complexity="1">
              <lines>
                <line number="66" hits="5" branch="False" />
                <line number="67" hits="5" branch="False" />
                <line number="69" hits="5" branch="False" />
                <line number="70" hits="5" branch="False" />
                <line number="71" hits="5" branch="False" />
                <line number="72" hits="5" branch="False" />
                <line number="73" hits="5" branch="False" />
                <line number="74" hits="5" branch="False" />
                <line number="75" hits="5" branch="False" />
                <line number="76" hits="5" branch="False" />
              </lines>
            </method>
            <method name=".ctor" signature="()" line-rate="1" branch-rate="1" complexity="1">
              <lines>
                <line number="16" hits="2" branch="False" />
                <line number="17" hits="2" branch="False" />
                <line number="18" hits="2" branch="False" />
                <line number="19" hits="2" branch="False" />
              </lines>
            </method>
            <method name=".ctor" signature="(System.String,System.String)" line-rate="1" branch-rate="1" complexity="1">
              <lines>
                <line number="21" hits="18" branch="False" />
                <line number="22" hits="18" branch="False" />
                <line number="23" hits="18" branch="False" />
                <line number="24" hits="18" branch="False" />
                <line number="25" hits="18" branch="False" />
              </lines>
            </method>
          </methods>
          <lines>
            <line number="11" hits="126" branch="False" />
            <line number="12" hits="126" branch="False" />
            <line number="14" hits="24" branch="False" />
            <line number="27" hits="39" branch="False" />
            <line number="30" hits="51" branch="False" />
            <line number="31" hits="51" branch="False" />
            <line number="32" hits="51" branch="False" />
            <line number="35" hits="11" branch="False" />
            <line number="36" hits="11" branch="True" condition-coverage="50% (1/2)">
              <conditions>
                <condition number="27" type="jump" coverage="50%" />
              </conditions>
            </line>
            <line number="37" hits="0" branch="False" />
            <line number="38" hits="0" branch="False" />
            <line number="39" hits="0" branch="False" />
            <line number="40" hits="0" branch="False" />
            <line number="43" hits="11" branch="True" condition-coverage="100% (2/2)">
              <conditions>
                <condition number="88" type="jump" coverage="100%" />
              </conditions>
            </line>
            <line number="44" hits="1" branch="False" />
            <line number="45" hits="1" branch="False" />
            <line number="48" hits="10" branch="True" condition-coverage="100% (2/2)">
              <conditions>
                <condition number="149" type="jump" coverage="100%" />
              </conditions>
            </line>
            <line number="49" hits="1" branch="False" />
            <line number="50" hits="1" branch="False" />
            <line number="53" hits="9" branch="True" condition-coverage="100% (2/2)">
              <conditions>
                <condition number="188" type="jump" coverage="100%" />
              </conditions>
            </line>
            <line number="54" hits="1" branch="False" />
            <line number="55" hits="1" branch="False" />
            <line number="58" hits="18" branch="False" />
            <line number="60" hits="8" branch="False" />
            <line number="61" hits="8" branch="False" />
            <line number="62" hits="8" branch="False" />
            <line number="63" hits="11" branch="False" />
            <line number="66" hits="5" branch="False" />
            <line number="67" hits="5" branch="False" />
            <line number="69" hits="5" branch="False" />
            <line number="70" hits="5" branch="False" />
            <line number="71" hits="5" branch="False" />
            <line number="72" hits="5" branch="False" />
            <line number="73" hits="5" branch="False" />
            <line number="74" hits="5" branch="False" />
            <line number="75" hits="5" branch="False" />
            <line number="76" hits="5" branch="False" />
            <line number="16" hits="2" branch="False" />
            <line number="17" hits="2" branch="False" />
            <line number="18" hits="2" branch="False" />
            <line number="19" hits="2" branch="False" />
            <line number="21" hits="18" branch="False" />
            <line number="22" hits="18" branch="False" />
            <line number="23" hits="18" branch="False" />
            <line number="24" hits="18" branch="False" />
            <line number="25" hits="18" branch="False" />
          </lines>
        </class>
        <class name="Schema.Core.Data.TextDataType" filename="Data/Type/TextDataType.cs" line-rate="1" branch-rate="1" complexity="6">
          <methods>
            <method name="get_TypeName" signature="()" line-rate="1" branch-rate="1" complexity="1">
              <lines>
                <line number="8" hits="917" branch="False" />
              </lines>
            </method>
            <method name="CheckIfValidData" signature="(System.Object)" line-rate="1" branch-rate="1" complexity="1">
              <lines>
                <line number="21" hits="434" branch="False" />
                <line number="22" hits="434" branch="False" />
                <line number="23" hits="434" branch="False" />
                <line number="24" hits="434" branch="False" />
              </lines>
            </method>
            <method name="ConvertData" signature="(System.Object)" line-rate="1" branch-rate="1" complexity="2">
              <lines>
                <line number="27" hits="39" branch="False" />
                <line number="29" hits="39" branch="True" condition-coverage="100% (2/2)">
                  <conditions>
                    <condition number="2" type="jump" coverage="100%" />
                  </conditions>
                </line>
                <line number="30" hits="39" branch="False" />
                <line number="31" hits="39" branch="False" />
                <line number="32" hits="39" branch="False" />
              </lines>
            </method>
            <method name=".ctor" signature="()" line-rate="1" branch-rate="1" complexity="1">
              <lines>
                <line number="10" hits="6" branch="False" />
                <line number="11" hits="6" branch="False" />
                <line number="13" hits="6" branch="False" />
              </lines>
            </method>
            <method name=".ctor" signature="(System.String)" line-rate="1" branch-rate="1" complexity="1">
              <lines>
                <line number="15" hits="2" branch="False" />
                <line number="16" hits="2" branch="False" />
                <line number="18" hits="2" branch="False" />
              </lines>
            </method>
          </methods>
          <lines>
            <line number="8" hits="917" branch="False" />
            <line number="21" hits="434" branch="False" />
            <line number="22" hits="434" branch="False" />
            <line number="23" hits="434" branch="False" />
            <line number="24" hits="434" branch="False" />
            <line number="27" hits="39" branch="False" />
            <line number="29" hits="39" branch="True" condition-coverage="100% (2/2)">
              <conditions>
                <condition number="2" type="jump" coverage="100%" />
              </conditions>
            </line>
            <line number="30" hits="39" branch="False" />
            <line number="31" hits="39" branch="False" />
            <line number="32" hits="39" branch="False" />
            <line number="10" hits="6" branch="False" />
            <line number="11" hits="6" branch="False" />
            <line number="13" hits="6" branch="False" />
            <line number="15" hits="2" branch="False" />
            <line number="16" hits="2" branch="False" />
            <line number="18" hits="2" branch="False" />
          </lines>
        </class>
      </classes>
    </package>
  </packages>
</coverage>